<?xml version="1.0" encoding="UTF-8"?>
<testsuite name="com.bridgelabz.linkedIn.Login" tests="1" skipped="0" failures="0" errors="0" timestamp="2021-02-16T13:06:06" hostname="ADMIN" time="17.513">
  <properties/>
  <testcase name="test" classname="com.bridgelabz.linkedIn.Login" time="17.513"/>
  <system-out><![CDATA[]]></system-out>
  <system-err><![CDATA[SLF4J: Failed to load class "org.slf4j.impl.StaticLoggerBinder".
SLF4J: Defaulting to no-operation (NOP) logger implementation
SLF4J: See http://www.slf4j.org/codes.html#StaticLoggerBinder for further details.
Starting ChromeDriver 88.0.4324.96 (68dba2d8a0b149a1d3afac56fa74648032bcf46b-refs/branch-heads/4324@{#1784}) on port 20364
Only local connections are allowed.
Please see https://chromedriver.chromium.org/security-considerations for suggestions on keeping ChromeDriver safe.
ChromeDriver was started successfully.
Feb 16, 2021 6:36:02 PM org.openqa.selenium.remote.ProtocolHandshake createSession
INFO: Detected dialect: W3C
]]></system-err>
</testsuite>
